2025-10-01 07:16:57 | INFO     | lightrag             | pipeline_enqueue_file | Successfully extracted and enqueued file: _N6945025R0003.pdf
2025-10-01 07:16:57 | INFO     | lightrag             | pipeline_enqueue_file | Successfully extracted and enqueued file: _N6945025R0003.pdf
2025-10-01 07:16:57 | INFO     | lightrag             | apipeline_process_enqueue_documents | Processing 1 document(s)
2025-10-01 07:16:57 | INFO     | lightrag             | apipeline_process_enqueue_documents | Processing 1 document(s)
2025-10-01 07:16:57 | INFO     | lightrag             | process_document | Extracting stage 1/1: _N6945025R0003.pdf
2025-10-01 07:16:57 | INFO     | lightrag             | process_document | Extracting stage 1/1: _N6945025R0003.pdf
2025-10-01 07:16:57 | INFO     | lightrag             | process_document | Processing d-id: doc-7169852945d0fa1af6ee1a5bbe5640fc
2025-10-01 07:16:57 | INFO     | lightrag             | process_document | Processing d-id: doc-7169852945d0fa1af6ee1a5bbe5640fc
2025-10-01 07:16:57 | INFO     | lightrag             | ensure_workers  | Embedding func: 8 new workers initialized (Timeouts: Func: 300s, Worker: 600s, Health Check: 615s)
2025-10-01 07:16:57 | INFO     | lightrag             | ensure_workers  | Embedding func: 8 new workers initialized (Timeouts: Func: 300s, Worker: 600s, Health Check: 615s)
2025-10-01 07:17:06 | INFO     | lightrag             | ensure_workers  | LLM func: 2 new workers initialized (Timeouts: Func: 600s, Worker: 1200s, Health Check: 1215s)
2025-10-01 07:17:06 | INFO     | lightrag             | ensure_workers  | LLM func: 2 new workers initialized (Timeouts: Func: 600s, Worker: 1200s, Health Check: 1215s)
2025-10-01 07:19:04 | INFO     | lightrag             | save_to_cache   |  == LLM cache == saving: default:extract:8daa0f6ba6c8fd36d23ae06c8041cea5
2025-10-01 07:19:04 | INFO     | lightrag             | save_to_cache   |  == LLM cache == saving: default:extract:8daa0f6ba6c8fd36d23ae06c8041cea5
2025-10-01 07:23:05 | INFO     | lightrag             | save_to_cache   |  == LLM cache == saving: default:extract:fc732c12f188196f280a8971de21d0d9
2025-10-01 07:23:05 | INFO     | lightrag             | save_to_cache   |  == LLM cache == saving: default:extract:fc732c12f188196f280a8971de21d0d9
2025-10-01 07:23:31 | INFO     | lightrag             | save_to_cache   |  == LLM cache == saving: default:extract:7fbf395b4f7db35c2787c6164e6c2bb1
2025-10-01 07:23:31 | INFO     | lightrag             | save_to_cache   |  == LLM cache == saving: default:extract:7fbf395b4f7db35c2787c6164e6c2bb1
2025-10-01 07:23:31 | INFO     | lightrag             | _process_single_content | Chunk 1 of 30 extracted 6 Ent + 4 Rel chunk-5b282094d356721b95c603166e3583fb
2025-10-01 07:23:31 | INFO     | lightrag             | _process_single_content | Chunk 1 of 30 extracted 6 Ent + 4 Rel chunk-5b282094d356721b95c603166e3583fb
2025-10-01 07:28:25 | INFO     | lightrag             | save_to_cache   |  == LLM cache == saving: default:extract:d5fb481fdd4c4e43b2bedd6f24553632
2025-10-01 07:28:25 | INFO     | lightrag             | save_to_cache   |  == LLM cache == saving: default:extract:d5fb481fdd4c4e43b2bedd6f24553632
2025-10-01 07:28:25 | INFO     | lightrag             | _process_single_content | Chunk 2 of 30 extracted 11 Ent + 10 Rel chunk-4eaa6afaa103828aaa0533cf6f9d56d4
2025-10-01 07:28:25 | INFO     | lightrag             | _process_single_content | Chunk 2 of 30 extracted 11 Ent + 10 Rel chunk-4eaa6afaa103828aaa0533cf6f9d56d4
2025-10-01 07:30:25 | INFO     | lightrag             | save_to_cache   |  == LLM cache == saving: default:extract:1880081b536412a741d540c45d642b6d
2025-10-01 07:30:25 | INFO     | lightrag             | save_to_cache   |  == LLM cache == saving: default:extract:1880081b536412a741d540c45d642b6d
2025-10-01 07:33:21 | INFO     | lightrag             | save_to_cache   |  == LLM cache == saving: default:extract:b319a2fe5effed29beb321e06ca977b7
2025-10-01 07:33:21 | INFO     | lightrag             | save_to_cache   |  == LLM cache == saving: default:extract:b319a2fe5effed29beb321e06ca977b7
2025-10-01 07:33:56 | INFO     | lightrag             | save_to_cache   |  == LLM cache == saving: default:extract:7ad4a309b9273482433c2b0536affeae
2025-10-01 07:33:56 | INFO     | lightrag             | save_to_cache   |  == LLM cache == saving: default:extract:7ad4a309b9273482433c2b0536affeae
2025-10-01 07:33:56 | INFO     | lightrag             | _process_single_content | Chunk 3 of 30 extracted 7 Ent + 5 Rel chunk-38b8ffb6f0b2f888ca46c5aba0db5265
2025-10-01 07:33:56 | INFO     | lightrag             | _process_single_content | Chunk 3 of 30 extracted 7 Ent + 5 Rel chunk-38b8ffb6f0b2f888ca46c5aba0db5265
2025-10-01 07:36:10 | INFO     | lightrag             | save_to_cache   |  == LLM cache == saving: default:extract:d07cb513297509f8012eb0f6e18b2343
2025-10-01 07:36:10 | INFO     | lightrag             | save_to_cache   |  == LLM cache == saving: default:extract:d07cb513297509f8012eb0f6e18b2343
2025-10-01 07:36:10 | INFO     | lightrag             | _process_single_content | Chunk 4 of 30 extracted 7 Ent + 6 Rel chunk-475623c6b7f5423ab79f9d2fcb8fb794
2025-10-01 07:36:10 | INFO     | lightrag             | _process_single_content | Chunk 4 of 30 extracted 7 Ent + 6 Rel chunk-475623c6b7f5423ab79f9d2fcb8fb794
2025-10-01 07:41:20 | INFO     | lightrag             | save_to_cache   |  == LLM cache == saving: default:extract:09a7ae771237aff73aaa9ecf8137c7ba
2025-10-01 07:41:20 | INFO     | lightrag             | save_to_cache   |  == LLM cache == saving: default:extract:09a7ae771237aff73aaa9ecf8137c7ba
2025-10-01 07:43:16 | INFO     | lightrag             | save_to_cache   |  == LLM cache == saving: default:extract:dac7f68e92a04cde21ab1971fa7f6a96
2025-10-01 07:43:16 | INFO     | lightrag             | save_to_cache   |  == LLM cache == saving: default:extract:dac7f68e92a04cde21ab1971fa7f6a96
2025-10-01 07:43:49 | INFO     | lightrag             | save_to_cache   |  == LLM cache == saving: default:extract:5ad5b4a2e48f314f5261e4dbb8ab2399
2025-10-01 07:43:49 | INFO     | lightrag             | save_to_cache   |  == LLM cache == saving: default:extract:5ad5b4a2e48f314f5261e4dbb8ab2399
2025-10-01 07:43:49 | INFO     | lightrag             | _process_single_content | Chunk 5 of 30 extracted 17 Ent + 8 Rel chunk-29595669123cbf3f223d3c0d60983e4a
2025-10-01 07:43:49 | INFO     | lightrag             | _process_single_content | Chunk 5 of 30 extracted 17 Ent + 8 Rel chunk-29595669123cbf3f223d3c0d60983e4a
2025-10-01 07:45:15 | INFO     | lightrag             | save_to_cache   |  == LLM cache == saving: default:extract:971df301141d8a89970525f8ba03b13b
2025-10-01 07:45:15 | INFO     | lightrag             | save_to_cache   |  == LLM cache == saving: default:extract:971df301141d8a89970525f8ba03b13b
2025-10-01 07:45:15 | INFO     | lightrag             | _process_single_content | Chunk 6 of 30 extracted 5 Ent + 3 Rel chunk-f0d2f87c8cb1b7f1072ee94b9c671118
2025-10-01 07:45:15 | INFO     | lightrag             | _process_single_content | Chunk 6 of 30 extracted 5 Ent + 3 Rel chunk-f0d2f87c8cb1b7f1072ee94b9c671118
2025-10-01 07:46:24 | INFO     | lightrag             | save_to_cache   |  == LLM cache == saving: default:extract:6d232bd1550333495692bc7e1d8efb1b
2025-10-01 07:46:24 | INFO     | lightrag             | save_to_cache   |  == LLM cache == saving: default:extract:6d232bd1550333495692bc7e1d8efb1b
2025-10-01 07:48:43 | INFO     | lightrag             | save_to_cache   |  == LLM cache == saving: default:extract:c448103dc4bb210a55bccc2f472b7abb
2025-10-01 07:48:43 | INFO     | lightrag             | save_to_cache   |  == LLM cache == saving: default:extract:c448103dc4bb210a55bccc2f472b7abb
2025-10-01 07:49:08 | INFO     | lightrag             | save_to_cache   |  == LLM cache == saving: default:extract:e47d67a5861cf1db2e4eccd7fc316c39
2025-10-01 07:49:08 | INFO     | lightrag             | save_to_cache   |  == LLM cache == saving: default:extract:e47d67a5861cf1db2e4eccd7fc316c39
2025-10-01 07:49:08 | INFO     | lightrag             | _process_single_content | Chunk 7 of 30 extracted 4 Ent + 1 Rel chunk-ce6f76000f585c396b8ac30d287cf6aa
2025-10-01 07:49:08 | INFO     | lightrag             | _process_single_content | Chunk 7 of 30 extracted 4 Ent + 1 Rel chunk-ce6f76000f585c396b8ac30d287cf6aa
2025-10-01 07:50:07 | INFO     | lightrag             | save_to_cache   |  == LLM cache == saving: default:extract:d267f53b4ed84fbf25882d822da0f272
2025-10-01 07:50:07 | INFO     | lightrag             | save_to_cache   |  == LLM cache == saving: default:extract:d267f53b4ed84fbf25882d822da0f272
2025-10-01 07:50:07 | INFO     | lightrag             | _process_single_content | Chunk 8 of 30 extracted 11 Ent + 5 Rel chunk-5a3fb53442d76aa6ace4a1becef27ca0
2025-10-01 07:50:07 | INFO     | lightrag             | _process_single_content | Chunk 8 of 30 extracted 11 Ent + 5 Rel chunk-5a3fb53442d76aa6ace4a1becef27ca0
2025-10-01 07:51:40 | INFO     | lightrag             | save_to_cache   |  == LLM cache == saving: default:extract:f85af21190a16fcde0d8230d573a2899
2025-10-01 07:51:40 | INFO     | lightrag             | save_to_cache   |  == LLM cache == saving: default:extract:f85af21190a16fcde0d8230d573a2899
2025-10-01 07:56:16 | INFO     | lightrag             | save_to_cache   |  == LLM cache == saving: default:extract:bd3f93ed7088e07188ff2e3c3a0cd246
2025-10-01 07:56:16 | INFO     | lightrag             | save_to_cache   |  == LLM cache == saving: default:extract:bd3f93ed7088e07188ff2e3c3a0cd246
2025-10-01 07:57:52 | INFO     | lightrag             | save_to_cache   |  == LLM cache == saving: default:extract:b6919c4319abe73533f8797c1aec2a59
2025-10-01 07:57:52 | INFO     | lightrag             | save_to_cache   |  == LLM cache == saving: default:extract:b6919c4319abe73533f8797c1aec2a59
2025-10-01 07:57:52 | INFO     | lightrag             | _process_single_content | Chunk 9 of 30 extracted 10 Ent + 7 Rel chunk-63afa8be068148175620b826f9ecf42e
2025-10-01 07:57:52 | INFO     | lightrag             | _process_single_content | Chunk 9 of 30 extracted 10 Ent + 7 Rel chunk-63afa8be068148175620b826f9ecf42e
2025-10-01 08:04:14 | INFO     | lightrag             | save_to_cache   |  == LLM cache == saving: default:extract:50d34867cd81ffd42fd70224aadadc83
2025-10-01 08:04:14 | INFO     | lightrag             | save_to_cache   |  == LLM cache == saving: default:extract:50d34867cd81ffd42fd70224aadadc83
2025-10-01 08:04:14 | INFO     | lightrag             | _process_single_content | Chunk 10 of 30 extracted 20 Ent + 15 Rel chunk-3a0c5a7d590fd922704bfcfd1ecb513e
2025-10-01 08:04:14 | INFO     | lightrag             | _process_single_content | Chunk 10 of 30 extracted 20 Ent + 15 Rel chunk-3a0c5a7d590fd922704bfcfd1ecb513e
2025-10-01 08:04:56 | INFO     | lightrag             | save_to_cache   |  == LLM cache == saving: default:extract:0f485d95e15c7bb0f92397928464346e
2025-10-01 08:04:56 | INFO     | lightrag             | save_to_cache   |  == LLM cache == saving: default:extract:0f485d95e15c7bb0f92397928464346e
2025-10-01 08:10:46 | INFO     | lightrag             | save_to_cache   |  == LLM cache == saving: default:extract:1e63c21a7ba5045f2335250f72d22062
2025-10-01 08:10:46 | INFO     | lightrag             | save_to_cache   |  == LLM cache == saving: default:extract:1e63c21a7ba5045f2335250f72d22062
2025-10-01 08:11:33 | INFO     | lightrag             | save_to_cache   |  == LLM cache == saving: default:extract:c53e7271af1e360c1f825e8f6138aecc
2025-10-01 08:11:33 | INFO     | lightrag             | save_to_cache   |  == LLM cache == saving: default:extract:c53e7271af1e360c1f825e8f6138aecc
2025-10-01 08:11:33 | INFO     | lightrag             | _process_single_content | Chunk 11 of 30 extracted 2 Ent + 1 Rel chunk-9b1871c031d18a5c0e2e721b290ddace
2025-10-01 08:11:33 | INFO     | lightrag             | _process_single_content | Chunk 11 of 30 extracted 2 Ent + 1 Rel chunk-9b1871c031d18a5c0e2e721b290ddace
2025-10-01 08:12:24 | INFO     | lightrag             | save_to_cache   |  == LLM cache == saving: default:extract:ac0eec7e2b9ac0ec7016742574d56750
2025-10-01 08:12:24 | INFO     | lightrag             | save_to_cache   |  == LLM cache == saving: default:extract:ac0eec7e2b9ac0ec7016742574d56750
2025-10-01 08:12:24 | INFO     | lightrag             | _process_single_content | Chunk 12 of 30 extracted 22 Ent + 8 Rel chunk-cad48b3a30c8b7aeef1982a137b0cce0
2025-10-01 08:12:24 | INFO     | lightrag             | _process_single_content | Chunk 12 of 30 extracted 22 Ent + 8 Rel chunk-cad48b3a30c8b7aeef1982a137b0cce0
2025-10-01 08:21:33 | ERROR    | lightrag             | worker          | LLM func: Error in decorated function for task 1531793245296_31237.4600018: 
2025-10-01 08:21:33 | ERROR    | lightrag             | worker          | LLM func: Error in decorated function for task 1531793245296_31237.4600018: 
2025-10-01 08:21:33 | ERROR    | lightrag             | _process_extract_entities | Failed to extract entities and relationships: C[13/30]: chunk-6fb4049a5fd6bd5b62ce891dfac97cd9: 
2025-10-01 08:21:33 | ERROR    | lightrag             | _process_extract_entities | Failed to extract entities and relationships: C[13/30]: chunk-6fb4049a5fd6bd5b62ce891dfac97cd9: 
2025-10-01 08:21:33 | ERROR    | lightrag             | process_document | Traceback (most recent call last):
  File "C:\Users\benma\govcon-capture-vibe\.venv\Lib\site-packages\httpx\_transports\default.py", line 101, in map_httpcore_exceptions
    yield
  File "C:\Users\benma\govcon-capture-vibe\.venv\Lib\site-packages\httpx\_transports\default.py", line 394, in handle_async_request
    resp = await self._pool.handle_async_request(req)
           ^^^^^^^^^^^^^^^^^^^^^^^^^^^^^^^^^^^^^^^^^^
  File "C:\Users\benma\govcon-capture-vibe\.venv\Lib\site-packages\httpcore\_async\connection_pool.py", line 256, in handle_async_request
    raise exc from None
  File "C:\Users\benma\govcon-capture-vibe\.venv\Lib\site-packages\httpcore\_async\connection_pool.py", line 236, in handle_async_request
    response = await connection.handle_async_request(
               ^^^^^^^^^^^^^^^^^^^^^^^^^^^^^^^^^^^^^^
        pool_request.request
        ^^^^^^^^^^^^^^^^^^^^
    )
    ^
  File "C:\Users\benma\govcon-capture-vibe\.venv\Lib\site-packages\httpcore\_async\connection.py", line 103, in handle_async_request
    return await self._connection.handle_async_request(request)
           ^^^^^^^^^^^^^^^^^^^^^^^^^^^^^^^^^^^^^^^^^^^^^^^^^^^^
  File "C:\Users\benma\govcon-capture-vibe\.venv\Lib\site-packages\httpcore\_async\http11.py", line 136, in handle_async_request
    raise exc
  File "C:\Users\benma\govcon-capture-vibe\.venv\Lib\site-packages\httpcore\_async\http11.py", line 106, in handle_async_request
    ) = await self._receive_response_headers(**kwargs)
        ^^^^^^^^^^^^^^^^^^^^^^^^^^^^^^^^^^^^^^^^^^^^^^
  File "C:\Users\benma\govcon-capture-vibe\.venv\Lib\site-packages\httpcore\_async\http11.py", line 177, in _receive_response_headers
    event = await self._receive_event(timeout=timeout)
            ^^^^^^^^^^^^^^^^^^^^^^^^^^^^^^^^^^^^^^^^^^
  File "C:\Users\benma\govcon-capture-vibe\.venv\Lib\site-packages\httpcore\_async\http11.py", line 217, in _receive_event
    data = await self._network_stream.read(
           ^^^^^^^^^^^^^^^^^^^^^^^^^^^^^^^^
        self.READ_NUM_BYTES, timeout=timeout
        ^^^^^^^^^^^^^^^^^^^^^^^^^^^^^^^^^^^^
    )
    ^
  File "C:\Users\benma\govcon-capture-vibe\.venv\Lib\site-packages\httpcore\_backends\anyio.py", line 32, in read
    with map_exceptions(exc_map):
         ~~~~~~~~~~~~~~^^^^^^^^^
  File "C:\Users\benma\AppData\Roaming\uv\python\cpython-3.13.7-windows-x86_64-none\Lib\contextlib.py", line 162, in __exit__
    self.gen.throw(value)
    ~~~~~~~~~~~~~~^^^^^^^
  File "C:\Users\benma\govcon-capture-vibe\.venv\Lib\site-packages\httpcore\_exceptions.py", line 14, in map_exceptions
    raise to_exc(exc) from exc
httpcore.ReadTimeout

The above exception was the direct cause of the following exception:

Traceback (most recent call last):
  File "C:\Users\benma\govcon-capture-vibe\.venv\Lib\site-packages\lightrag\operate.py", line 2186, in _process_with_semaphore
    return await _process_single_content(chunk)
           ^^^^^^^^^^^^^^^^^^^^^^^^^^^^^^^^^^^^
  File "C:\Users\benma\govcon-capture-vibe\.venv\Lib\site-packages\lightrag\operate.py", line 2079, in _process_single_content
    final_result, timestamp = await use_llm_func_with_cache(
                              ^^^^^^^^^^^^^^^^^^^^^^^^^^^^^^
    ...<7 lines>...
    )
    ^
  File "C:\Users\benma\govcon-capture-vibe\.venv\Lib\site-packages\lightrag\utils.py", line 1687, in use_llm_func_with_cache
    res: str = await use_llm_func(
               ^^^^^^^^^^^^^^^^^^^
        safe_user_prompt, system_prompt=safe_system_prompt, **kwargs
        ^^^^^^^^^^^^^^^^^^^^^^^^^^^^^^^^^^^^^^^^^^^^^^^^^^^^^^^^^^^^
    )
    ^
  File "C:\Users\benma\govcon-capture-vibe\.venv\Lib\site-packages\lightrag\utils.py", line 835, in wait_func
    return await future
           ^^^^^^^^^^^^
  File "C:\Users\benma\govcon-capture-vibe\.venv\Lib\site-packages\lightrag\utils.py", line 539, in worker
    result = await asyncio.wait_for(
             ^^^^^^^^^^^^^^^^^^^^^^^
        func(*args, **kwargs), timeout=max_execution_timeout
        ^^^^^^^^^^^^^^^^^^^^^^^^^^^^^^^^^^^^^^^^^^^^^^^^^^^^
    )
    ^
  File "C:\Users\benma\AppData\Roaming\uv\python\cpython-3.13.7-windows-x86_64-none\Lib\asyncio\tasks.py", line 507, in wait_for
    return await fut
           ^^^^^^^^^
  File "C:\Users\benma\govcon-capture-vibe\.venv\Lib\site-packages\lightrag\llm\ollama.py", line 140, in ollama_model_complete
    return await _ollama_model_if_cache(
           ^^^^^^^^^^^^^^^^^^^^^^^^^^^^^
    ...<6 lines>...
    )
    ^
  File "C:\Users\benma\govcon-capture-vibe\.venv\Lib\site-packages\tenacity\asyncio\__init__.py", line 189, in async_wrapped
    return await copy(fn, *args, **kwargs)
           ^^^^^^^^^^^^^^^^^^^^^^^^^^^^^^^
  File "C:\Users\benma\govcon-capture-vibe\.venv\Lib\site-packages\tenacity\asyncio\__init__.py", line 111, in __call__
    do = await self.iter(retry_state=retry_state)
         ^^^^^^^^^^^^^^^^^^^^^^^^^^^^^^^^^^^^^^^^
  File "C:\Users\benma\govcon-capture-vibe\.venv\Lib\site-packages\tenacity\asyncio\__init__.py", line 153, in iter
    result = await action(retry_state)
             ^^^^^^^^^^^^^^^^^^^^^^^^^
  File "C:\Users\benma\govcon-capture-vibe\.venv\Lib\site-packages\tenacity\_utils.py", line 99, in inner
    return call(*args, **kwargs)
  File "C:\Users\benma\govcon-capture-vibe\.venv\Lib\site-packages\tenacity\__init__.py", line 400, in <lambda>
    self._add_action_func(lambda rs: rs.outcome.result())
                                     ~~~~~~~~~~~~~~~~~^^
  File "C:\Users\benma\AppData\Roaming\uv\python\cpython-3.13.7-windows-x86_64-none\Lib\concurrent\futures\_base.py", line 449, in result
    return self.__get_result()
           ~~~~~~~~~~~~~~~~~^^
  File "C:\Users\benma\AppData\Roaming\uv\python\cpython-3.13.7-windows-x86_64-none\Lib\concurrent\futures\_base.py", line 401, in __get_result
    raise self._exception
  File "C:\Users\benma\govcon-capture-vibe\.venv\Lib\site-packages\tenacity\asyncio\__init__.py", line 114, in __call__
    result = await fn(*args, **kwargs)
             ^^^^^^^^^^^^^^^^^^^^^^^^^
  File "C:\Users\benma\govcon-capture-vibe\.venv\Lib\site-packages\lightrag\llm\ollama.py", line 114, in _ollama_model_if_cache
    raise e
  File "C:\Users\benma\govcon-capture-vibe\.venv\Lib\site-packages\lightrag\llm\ollama.py", line 77, in _ollama_model_if_cache
    response = await ollama_client.chat(model=model, messages=messages, **kwargs)
               ^^^^^^^^^^^^^^^^^^^^^^^^^^^^^^^^^^^^^^^^^^^^^^^^^^^^^^^^^^^^^^^^^^
  File "C:\Users\benma\govcon-capture-vibe\.venv\Lib\site-packages\ollama\_client.py", line 953, in chat
    return await self._request(
           ^^^^^^^^^^^^^^^^^^^^
    ...<14 lines>...
    )
    ^
  File "C:\Users\benma\govcon-capture-vibe\.venv\Lib\site-packages\ollama\_client.py", line 751, in _request
    return cls(**(await self._request_raw(*args, **kwargs)).json())
                  ^^^^^^^^^^^^^^^^^^^^^^^^^^^^^^^^^^^^^^^^
  File "C:\Users\benma\govcon-capture-vibe\.venv\Lib\site-packages\ollama\_client.py", line 691, in _request_raw
    r = await self._client.request(*args, **kwargs)
        ^^^^^^^^^^^^^^^^^^^^^^^^^^^^^^^^^^^^^^^^^^^
  File "C:\Users\benma\govcon-capture-vibe\.venv\Lib\site-packages\httpx\_client.py", line 1540, in request
    return await self.send(request, auth=auth, follow_redirects=follow_redirects)
           ^^^^^^^^^^^^^^^^^^^^^^^^^^^^^^^^^^^^^^^^^^^^^^^^^^^^^^^^^^^^^^^^^^^^^^
  File "C:\Users\benma\govcon-capture-vibe\.venv\Lib\site-packages\httpx\_client.py", line 1629, in send
    response = await self._send_handling_auth(
               ^^^^^^^^^^^^^^^^^^^^^^^^^^^^^^^
    ...<4 lines>...
    )
    ^
  File "C:\Users\benma\govcon-capture-vibe\.venv\Lib\site-packages\httpx\_client.py", line 1657, in _send_handling_auth
    response = await self._send_handling_redirects(
               ^^^^^^^^^^^^^^^^^^^^^^^^^^^^^^^^^^^^
    ...<3 lines>...
    )
    ^
  File "C:\Users\benma\govcon-capture-vibe\.venv\Lib\site-packages\httpx\_client.py", line 1694, in _send_handling_redirects
    response = await self._send_single_request(request)
               ^^^^^^^^^^^^^^^^^^^^^^^^^^^^^^^^^^^^^^^^
  File "C:\Users\benma\govcon-capture-vibe\.venv\Lib\site-packages\httpx\_client.py", line 1730, in _send_single_request
    response = await transport.handle_async_request(request)
               ^^^^^^^^^^^^^^^^^^^^^^^^^^^^^^^^^^^^^^^^^^^^^
  File "C:\Users\benma\govcon-capture-vibe\.venv\Lib\site-packages\httpx\_transports\default.py", line 393, in handle_async_request
    with map_httpcore_exceptions():
         ~~~~~~~~~~~~~~~~~~~~~~~^^
  File "C:\Users\benma\AppData\Roaming\uv\python\cpython-3.13.7-windows-x86_64-none\Lib\contextlib.py", line 162, in __exit__
    self.gen.throw(value)
    ~~~~~~~~~~~~~~^^^^^^^
  File "C:\Users\benma\govcon-capture-vibe\.venv\Lib\site-packages\httpx\_transports\default.py", line 118, in map_httpcore_exceptions
    raise mapped_exc(message) from exc
httpx.ReadTimeout

The above exception was the direct cause of the following exception:

Traceback (most recent call last):
  File "C:\Users\benma\govcon-capture-vibe\.venv\Lib\site-packages\lightrag\operate.py", line 2190, in _process_with_semaphore
    raise prefixed_exception from e
httpx.ReadTimeout: chunk-6fb4049a5fd6bd5b62ce891dfac97cd9: 

The above exception was the direct cause of the following exception:

Traceback (most recent call last):
  File "C:\Users\benma\govcon-capture-vibe\.venv\Lib\site-packages\lightrag\lightrag.py", line 1600, in process_document
    await entity_relation_task
  File "C:\Users\benma\govcon-capture-vibe\.venv\Lib\site-packages\lightrag\lightrag.py", line 1825, in _process_extract_entities
    raise e
  File "C:\Users\benma\govcon-capture-vibe\.venv\Lib\site-packages\lightrag\lightrag.py", line 1810, in _process_extract_entities
    chunk_results = await extract_entities(
                    ^^^^^^^^^^^^^^^^^^^^^^^
    ...<6 lines>...
    )
    ^
  File "C:\Users\benma\govcon-capture-vibe\.venv\Lib\site-packages\lightrag\operate.py", line 2232, in extract_entities
    raise prefixed_exception from first_exception
httpx.ReadTimeout: C[13/30]: chunk-6fb4049a5fd6bd5b62ce891dfac97cd9: 

2025-10-01 08:21:33 | ERROR    | lightrag             | process_document | Traceback (most recent call last):
  File "C:\Users\benma\govcon-capture-vibe\.venv\Lib\site-packages\httpx\_transports\default.py", line 101, in map_httpcore_exceptions
    yield
  File "C:\Users\benma\govcon-capture-vibe\.venv\Lib\site-packages\httpx\_transports\default.py", line 394, in handle_async_request
    resp = await self._pool.handle_async_request(req)
           ^^^^^^^^^^^^^^^^^^^^^^^^^^^^^^^^^^^^^^^^^^
  File "C:\Users\benma\govcon-capture-vibe\.venv\Lib\site-packages\httpcore\_async\connection_pool.py", line 256, in handle_async_request
    raise exc from None
  File "C:\Users\benma\govcon-capture-vibe\.venv\Lib\site-packages\httpcore\_async\connection_pool.py", line 236, in handle_async_request
    response = await connection.handle_async_request(
               ^^^^^^^^^^^^^^^^^^^^^^^^^^^^^^^^^^^^^^
        pool_request.request
        ^^^^^^^^^^^^^^^^^^^^
    )
    ^
  File "C:\Users\benma\govcon-capture-vibe\.venv\Lib\site-packages\httpcore\_async\connection.py", line 103, in handle_async_request
    return await self._connection.handle_async_request(request)
           ^^^^^^^^^^^^^^^^^^^^^^^^^^^^^^^^^^^^^^^^^^^^^^^^^^^^
  File "C:\Users\benma\govcon-capture-vibe\.venv\Lib\site-packages\httpcore\_async\http11.py", line 136, in handle_async_request
    raise exc
  File "C:\Users\benma\govcon-capture-vibe\.venv\Lib\site-packages\httpcore\_async\http11.py", line 106, in handle_async_request
    ) = await self._receive_response_headers(**kwargs)
        ^^^^^^^^^^^^^^^^^^^^^^^^^^^^^^^^^^^^^^^^^^^^^^
  File "C:\Users\benma\govcon-capture-vibe\.venv\Lib\site-packages\httpcore\_async\http11.py", line 177, in _receive_response_headers
    event = await self._receive_event(timeout=timeout)
            ^^^^^^^^^^^^^^^^^^^^^^^^^^^^^^^^^^^^^^^^^^
  File "C:\Users\benma\govcon-capture-vibe\.venv\Lib\site-packages\httpcore\_async\http11.py", line 217, in _receive_event
    data = await self._network_stream.read(
           ^^^^^^^^^^^^^^^^^^^^^^^^^^^^^^^^
        self.READ_NUM_BYTES, timeout=timeout
        ^^^^^^^^^^^^^^^^^^^^^^^^^^^^^^^^^^^^
    )
    ^
  File "C:\Users\benma\govcon-capture-vibe\.venv\Lib\site-packages\httpcore\_backends\anyio.py", line 32, in read
    with map_exceptions(exc_map):
         ~~~~~~~~~~~~~~^^^^^^^^^
  File "C:\Users\benma\AppData\Roaming\uv\python\cpython-3.13.7-windows-x86_64-none\Lib\contextlib.py", line 162, in __exit__
    self.gen.throw(value)
    ~~~~~~~~~~~~~~^^^^^^^
  File "C:\Users\benma\govcon-capture-vibe\.venv\Lib\site-packages\httpcore\_exceptions.py", line 14, in map_exceptions
    raise to_exc(exc) from exc
httpcore.ReadTimeout

The above exception was the direct cause of the following exception:

Traceback (most recent call last):
  File "C:\Users\benma\govcon-capture-vibe\.venv\Lib\site-packages\lightrag\operate.py", line 2186, in _process_with_semaphore
    return await _process_single_content(chunk)
           ^^^^^^^^^^^^^^^^^^^^^^^^^^^^^^^^^^^^
  File "C:\Users\benma\govcon-capture-vibe\.venv\Lib\site-packages\lightrag\operate.py", line 2079, in _process_single_content
    final_result, timestamp = await use_llm_func_with_cache(
                              ^^^^^^^^^^^^^^^^^^^^^^^^^^^^^^
    ...<7 lines>...
    )
    ^
  File "C:\Users\benma\govcon-capture-vibe\.venv\Lib\site-packages\lightrag\utils.py", line 1687, in use_llm_func_with_cache
    res: str = await use_llm_func(
               ^^^^^^^^^^^^^^^^^^^
        safe_user_prompt, system_prompt=safe_system_prompt, **kwargs
        ^^^^^^^^^^^^^^^^^^^^^^^^^^^^^^^^^^^^^^^^^^^^^^^^^^^^^^^^^^^^
    )
    ^
  File "C:\Users\benma\govcon-capture-vibe\.venv\Lib\site-packages\lightrag\utils.py", line 835, in wait_func
    return await future
           ^^^^^^^^^^^^
  File "C:\Users\benma\govcon-capture-vibe\.venv\Lib\site-packages\lightrag\utils.py", line 539, in worker
    result = await asyncio.wait_for(
             ^^^^^^^^^^^^^^^^^^^^^^^
        func(*args, **kwargs), timeout=max_execution_timeout
        ^^^^^^^^^^^^^^^^^^^^^^^^^^^^^^^^^^^^^^^^^^^^^^^^^^^^
    )
    ^
  File "C:\Users\benma\AppData\Roaming\uv\python\cpython-3.13.7-windows-x86_64-none\Lib\asyncio\tasks.py", line 507, in wait_for
    return await fut
           ^^^^^^^^^
  File "C:\Users\benma\govcon-capture-vibe\.venv\Lib\site-packages\lightrag\llm\ollama.py", line 140, in ollama_model_complete
    return await _ollama_model_if_cache(
           ^^^^^^^^^^^^^^^^^^^^^^^^^^^^^
    ...<6 lines>...
    )
    ^
  File "C:\Users\benma\govcon-capture-vibe\.venv\Lib\site-packages\tenacity\asyncio\__init__.py", line 189, in async_wrapped
    return await copy(fn, *args, **kwargs)
           ^^^^^^^^^^^^^^^^^^^^^^^^^^^^^^^
  File "C:\Users\benma\govcon-capture-vibe\.venv\Lib\site-packages\tenacity\asyncio\__init__.py", line 111, in __call__
    do = await self.iter(retry_state=retry_state)
         ^^^^^^^^^^^^^^^^^^^^^^^^^^^^^^^^^^^^^^^^
  File "C:\Users\benma\govcon-capture-vibe\.venv\Lib\site-packages\tenacity\asyncio\__init__.py", line 153, in iter
    result = await action(retry_state)
             ^^^^^^^^^^^^^^^^^^^^^^^^^
  File "C:\Users\benma\govcon-capture-vibe\.venv\Lib\site-packages\tenacity\_utils.py", line 99, in inner
    return call(*args, **kwargs)
  File "C:\Users\benma\govcon-capture-vibe\.venv\Lib\site-packages\tenacity\__init__.py", line 400, in <lambda>
    self._add_action_func(lambda rs: rs.outcome.result())
                                     ~~~~~~~~~~~~~~~~~^^
  File "C:\Users\benma\AppData\Roaming\uv\python\cpython-3.13.7-windows-x86_64-none\Lib\concurrent\futures\_base.py", line 449, in result
    return self.__get_result()
           ~~~~~~~~~~~~~~~~~^^
  File "C:\Users\benma\AppData\Roaming\uv\python\cpython-3.13.7-windows-x86_64-none\Lib\concurrent\futures\_base.py", line 401, in __get_result
    raise self._exception
  File "C:\Users\benma\govcon-capture-vibe\.venv\Lib\site-packages\tenacity\asyncio\__init__.py", line 114, in __call__
    result = await fn(*args, **kwargs)
             ^^^^^^^^^^^^^^^^^^^^^^^^^
  File "C:\Users\benma\govcon-capture-vibe\.venv\Lib\site-packages\lightrag\llm\ollama.py", line 114, in _ollama_model_if_cache
    raise e
  File "C:\Users\benma\govcon-capture-vibe\.venv\Lib\site-packages\lightrag\llm\ollama.py", line 77, in _ollama_model_if_cache
    response = await ollama_client.chat(model=model, messages=messages, **kwargs)
               ^^^^^^^^^^^^^^^^^^^^^^^^^^^^^^^^^^^^^^^^^^^^^^^^^^^^^^^^^^^^^^^^^^
  File "C:\Users\benma\govcon-capture-vibe\.venv\Lib\site-packages\ollama\_client.py", line 953, in chat
    return await self._request(
           ^^^^^^^^^^^^^^^^^^^^
    ...<14 lines>...
    )
    ^
  File "C:\Users\benma\govcon-capture-vibe\.venv\Lib\site-packages\ollama\_client.py", line 751, in _request
    return cls(**(await self._request_raw(*args, **kwargs)).json())
                  ^^^^^^^^^^^^^^^^^^^^^^^^^^^^^^^^^^^^^^^^
  File "C:\Users\benma\govcon-capture-vibe\.venv\Lib\site-packages\ollama\_client.py", line 691, in _request_raw
    r = await self._client.request(*args, **kwargs)
        ^^^^^^^^^^^^^^^^^^^^^^^^^^^^^^^^^^^^^^^^^^^
  File "C:\Users\benma\govcon-capture-vibe\.venv\Lib\site-packages\httpx\_client.py", line 1540, in request
    return await self.send(request, auth=auth, follow_redirects=follow_redirects)
           ^^^^^^^^^^^^^^^^^^^^^^^^^^^^^^^^^^^^^^^^^^^^^^^^^^^^^^^^^^^^^^^^^^^^^^
  File "C:\Users\benma\govcon-capture-vibe\.venv\Lib\site-packages\httpx\_client.py", line 1629, in send
    response = await self._send_handling_auth(
               ^^^^^^^^^^^^^^^^^^^^^^^^^^^^^^^
    ...<4 lines>...
    )
    ^
  File "C:\Users\benma\govcon-capture-vibe\.venv\Lib\site-packages\httpx\_client.py", line 1657, in _send_handling_auth
    response = await self._send_handling_redirects(
               ^^^^^^^^^^^^^^^^^^^^^^^^^^^^^^^^^^^^
    ...<3 lines>...
    )
    ^
  File "C:\Users\benma\govcon-capture-vibe\.venv\Lib\site-packages\httpx\_client.py", line 1694, in _send_handling_redirects
    response = await self._send_single_request(request)
               ^^^^^^^^^^^^^^^^^^^^^^^^^^^^^^^^^^^^^^^^
  File "C:\Users\benma\govcon-capture-vibe\.venv\Lib\site-packages\httpx\_client.py", line 1730, in _send_single_request
    response = await transport.handle_async_request(request)
               ^^^^^^^^^^^^^^^^^^^^^^^^^^^^^^^^^^^^^^^^^^^^^
  File "C:\Users\benma\govcon-capture-vibe\.venv\Lib\site-packages\httpx\_transports\default.py", line 393, in handle_async_request
    with map_httpcore_exceptions():
         ~~~~~~~~~~~~~~~~~~~~~~~^^
  File "C:\Users\benma\AppData\Roaming\uv\python\cpython-3.13.7-windows-x86_64-none\Lib\contextlib.py", line 162, in __exit__
    self.gen.throw(value)
    ~~~~~~~~~~~~~~^^^^^^^
  File "C:\Users\benma\govcon-capture-vibe\.venv\Lib\site-packages\httpx\_transports\default.py", line 118, in map_httpcore_exceptions
    raise mapped_exc(message) from exc
httpx.ReadTimeout

The above exception was the direct cause of the following exception:

Traceback (most recent call last):
  File "C:\Users\benma\govcon-capture-vibe\.venv\Lib\site-packages\lightrag\operate.py", line 2190, in _process_with_semaphore
    raise prefixed_exception from e
httpx.ReadTimeout: chunk-6fb4049a5fd6bd5b62ce891dfac97cd9: 

The above exception was the direct cause of the following exception:

Traceback (most recent call last):
  File "C:\Users\benma\govcon-capture-vibe\.venv\Lib\site-packages\lightrag\lightrag.py", line 1600, in process_document
    await entity_relation_task
  File "C:\Users\benma\govcon-capture-vibe\.venv\Lib\site-packages\lightrag\lightrag.py", line 1825, in _process_extract_entities
    raise e
  File "C:\Users\benma\govcon-capture-vibe\.venv\Lib\site-packages\lightrag\lightrag.py", line 1810, in _process_extract_entities
    chunk_results = await extract_entities(
                    ^^^^^^^^^^^^^^^^^^^^^^^
    ...<6 lines>...
    )
    ^
  File "C:\Users\benma\govcon-capture-vibe\.venv\Lib\site-packages\lightrag\operate.py", line 2232, in extract_entities
    raise prefixed_exception from first_exception
httpx.ReadTimeout: C[13/30]: chunk-6fb4049a5fd6bd5b62ce891dfac97cd9: 

2025-10-01 08:21:33 | ERROR    | lightrag             | process_document | Failed to extract document 1/1: _N6945025R0003.pdf
2025-10-01 08:21:33 | ERROR    | lightrag             | process_document | Failed to extract document 1/1: _N6945025R0003.pdf
2025-10-01 08:21:33 | INFO     | lightrag             | apipeline_process_enqueue_documents | Enqueued document processing pipeline stoped
2025-10-01 08:21:33 | INFO     | lightrag             | apipeline_process_enqueue_documents | Enqueued document processing pipeline stoped
2025-10-01 08:22:24 | ERROR    | lightrag             | worker          | LLM func: Error in decorated function for task 1531793245472_31288.7109114: 
2025-10-01 08:22:24 | ERROR    | lightrag             | worker          | LLM func: Error in decorated function for task 1531793245472_31288.7109114: 
2025-10-01 08:24:17 | INFO     | lightrag             | drop            | [_] Process 28932 drop text_chunks
2025-10-01 08:24:17 | INFO     | lightrag             | drop            | [_] Process 28932 drop text_chunks
2025-10-01 08:24:17 | INFO     | lightrag             | drop            | [_] Process 28932 drop full_docs
2025-10-01 08:24:17 | INFO     | lightrag             | drop            | [_] Process 28932 drop full_docs
2025-10-01 08:24:17 | INFO     | lightrag             | drop            | [_] Process 28932 drop full_entities
2025-10-01 08:24:17 | INFO     | lightrag             | drop            | [_] Process 28932 drop full_entities
2025-10-01 08:24:17 | INFO     | lightrag             | drop            | [_] Process 28932 drop full_relations
2025-10-01 08:24:17 | INFO     | lightrag             | drop            | [_] Process 28932 drop full_relations
2025-10-01 08:24:17 | INFO     | lightrag             | drop            | [_] Process 28932 drop entities(file:C:\Users\benma\govcon-capture-vibe\rag_storage\vdb_entities.json)
2025-10-01 08:24:17 | INFO     | lightrag             | drop            | [_] Process 28932 drop entities(file:C:\Users\benma\govcon-capture-vibe\rag_storage\vdb_entities.json)
2025-10-01 08:24:17 | INFO     | lightrag             | drop            | [_] Process 28932 drop relationships(file:C:\Users\benma\govcon-capture-vibe\rag_storage\vdb_relationships.json)
2025-10-01 08:24:17 | INFO     | lightrag             | drop            | [_] Process 28932 drop relationships(file:C:\Users\benma\govcon-capture-vibe\rag_storage\vdb_relationships.json)
2025-10-01 08:24:17 | INFO     | lightrag             | drop            | [_] Process 28932 drop chunks(file:C:\Users\benma\govcon-capture-vibe\rag_storage\vdb_chunks.json)
2025-10-01 08:24:17 | INFO     | lightrag             | drop            | [_] Process 28932 drop chunks(file:C:\Users\benma\govcon-capture-vibe\rag_storage\vdb_chunks.json)
2025-10-01 08:24:17 | INFO     | lightrag             | drop            | [_] Process 28932 drop graph file:C:\Users\benma\govcon-capture-vibe\rag_storage\graph_chunk_entity_relation.graphml
2025-10-01 08:24:17 | INFO     | lightrag             | drop            | [_] Process 28932 drop graph file:C:\Users\benma\govcon-capture-vibe\rag_storage\graph_chunk_entity_relation.graphml
2025-10-01 08:24:17 | INFO     | lightrag             | drop            | [_] Process 28932 drop doc_status
2025-10-01 08:24:17 | INFO     | lightrag             | drop            | [_] Process 28932 drop doc_status
2025-10-01 08:24:17 | INFO     | lightrag             | clear_documents | Successfully dropped JsonKVStorage: _/text_chunks
2025-10-01 08:24:17 | INFO     | lightrag             | clear_documents | Successfully dropped JsonKVStorage: _/text_chunks
2025-10-01 08:24:17 | INFO     | lightrag             | clear_documents | Successfully dropped JsonKVStorage: _/full_docs
2025-10-01 08:24:17 | INFO     | lightrag             | clear_documents | Successfully dropped JsonKVStorage: _/full_docs
2025-10-01 08:24:17 | INFO     | lightrag             | clear_documents | Successfully dropped JsonKVStorage: _/full_entities
2025-10-01 08:24:17 | INFO     | lightrag             | clear_documents | Successfully dropped JsonKVStorage: _/full_entities
2025-10-01 08:24:17 | INFO     | lightrag             | clear_documents | Successfully dropped JsonKVStorage: _/full_relations
2025-10-01 08:24:17 | INFO     | lightrag             | clear_documents | Successfully dropped JsonKVStorage: _/full_relations
2025-10-01 08:24:17 | INFO     | lightrag             | clear_documents | Successfully dropped NanoVectorDBStorage: _/entities
2025-10-01 08:24:17 | INFO     | lightrag             | clear_documents | Successfully dropped NanoVectorDBStorage: _/entities
2025-10-01 08:24:17 | INFO     | lightrag             | clear_documents | Successfully dropped NanoVectorDBStorage: _/relationships
2025-10-01 08:24:17 | INFO     | lightrag             | clear_documents | Successfully dropped NanoVectorDBStorage: _/relationships
2025-10-01 08:24:17 | INFO     | lightrag             | clear_documents | Successfully dropped NanoVectorDBStorage: _/chunks
2025-10-01 08:24:17 | INFO     | lightrag             | clear_documents | Successfully dropped NanoVectorDBStorage: _/chunks
2025-10-01 08:24:17 | INFO     | lightrag             | clear_documents | Successfully dropped NetworkXStorage: _/chunk_entity_relation
2025-10-01 08:24:17 | INFO     | lightrag             | clear_documents | Successfully dropped NetworkXStorage: _/chunk_entity_relation
2025-10-01 08:24:17 | INFO     | lightrag             | clear_documents | Successfully dropped JsonDocStatusStorage: _/doc_status
2025-10-01 08:24:17 | INFO     | lightrag             | clear_documents | Successfully dropped JsonDocStatusStorage: _/doc_status
2025-10-01 08:24:17 | INFO     | lightrag             | drop            | [_] Process 28932 drop llm_response_cache
2025-10-01 08:24:17 | INFO     | lightrag             | drop            | [_] Process 28932 drop llm_response_cache
2025-10-01 08:24:17 | INFO     | lightrag             | aclear_cache    | Cleared all cache
2025-10-01 08:24:17 | INFO     | lightrag             | aclear_cache    | Cleared all cache
2025-10-01 08:24:27 | INFO     | lightrag             | finalize_storages | Successfully finalized 10 storages
2025-10-01 08:24:27 | INFO     | lightrag             | finalize_storages | Successfully finalized 10 storages
